<?xml version="1.0" encoding="UTF-8"?>
<!-- Generated by org.testng.reporters.JUnitReportReporter -->
<testsuite hostname="DESKTOP-M2G5583" failures="0" tests="1" name="com.testyantrascripts.UrbanLadderHomepage" time="26.455" errors="0" timestamp="12 Jun 2020 13:34:43 GMT" skipped="0">
  <testcase classname="com.testyantrascripts.UrbanLadderHomepage" name="tc_01" time="26.455"/>
</testsuite> <!-- com.testyantrascripts.UrbanLadderHomepage -->
