<?xml version="1.0" encoding="UTF-8"?>
<!-- Generated by org.testng.reporters.JUnitReportReporter -->
<testsuite hostname="DESKTOP-M2G5583" failures="0" tests="1" name="com.testyantrascripts.ActiTime3" time="29.562" errors="0" timestamp="10 Jun 2020 05:52:38 GMT" skipped="0">
  <testcase classname="com.testyantrascripts.ActiTime3" name="tc_01" time="29.562"/>
</testsuite> <!-- com.testyantrascripts.ActiTime3 -->
