<?xml version="1.0" encoding="UTF-8"?>
<!-- Generated by org.testng.reporters.JUnitReportReporter -->
<testsuite hostname="DESKTOP-M2G5583" failures="0" tests="1" name="com.testyantrascripts.AccountTest" time="0.018" errors="0" timestamp="8 Jun 2020 06:52:55 GMT" skipped="0">
  <testcase classname="com.testyantrascripts.AccountTest" name="tc_01" time="0.018"/>
</testsuite> <!-- com.testyantrascripts.AccountTest -->
