<?xml version="1.0" encoding="UTF-8"?>
<!-- Generated by org.testng.reporters.JUnitReportReporter -->
<testsuite hostname="DESKTOP-M2G5583" failures="0" tests="1" name="ParallelScripts.ParametersDemo" time="21.428" errors="0" timestamp="16 Jun 2020 12:00:30 GMT" skipped="0">
  <testcase classname="ParallelScripts.ParametersDemo" name="tc_01" time="21.428"/>
</testsuite> <!-- ParallelScripts.ParametersDemo -->
