<?xml version="1.0" encoding="UTF-8"?>
<!-- Generated by org.testng.reporters.JUnitReportReporter -->
<testsuite hostname="DESKTOP-M2G5583" failures="0" tests="2" name="ParallelScripts.ParallelExecutionDemo3" time="40.912" errors="0" timestamp="16 Jun 2020 11:33:56 GMT" skipped="0">
  <testcase classname="ParallelScripts.ParallelExecutionDemo3" name="tc_01" time="28.040"/>
  <testcase classname="ParallelScripts.ParallelExecutionDemo3" name="tc_05" time="12.872"/>
</testsuite> <!-- ParallelScripts.ParallelExecutionDemo3 -->
