<?xml version="1.0" encoding="UTF-8"?>
<!-- Generated by org.testng.reporters.JUnitReportReporter -->
<testsuite hostname="DESKTOP-M2G5583" failures="0" tests="1" name="com.testyantrascripts.ActiTime" time="34.450" errors="0" timestamp="9 Jun 2020 06:44:05 GMT" skipped="0">
  <testcase classname="com.testyantrascripts.ActiTime" name="tc_01" time="34.450"/>
</testsuite> <!-- com.testyantrascripts.ActiTime -->
