<?xml version="1.0" encoding="UTF-8"?>
<!-- Generated by org.testng.reporters.JUnitReportReporter -->
<testsuite hostname="DESKTOP-M2G5583" failures="0" tests="1" name="com.testyantrascripts.ActiTime4" time="26.169" errors="0" timestamp="10 Jun 2020 05:42:37 GMT" skipped="0">
  <testcase classname="com.testyantrascripts.ActiTime4" name="tc_01" time="26.169"/>
</testsuite> <!-- com.testyantrascripts.ActiTime4 -->
