<?xml version="1.0" encoding="UTF-8"?>
<!-- Generated by org.testng.reporters.JUnitReportReporter -->
<testsuite hostname="DESKTOP-M2G5583" failures="0" tests="2" name="ParallelScripts.ParallelExecutionDemo1" time="27.435" errors="0" timestamp="16 Jun 2020 11:33:56 GMT" skipped="0">
  <testcase classname="ParallelScripts.ParallelExecutionDemo1" name="tc_02" time="11.643"/>
  <testcase classname="ParallelScripts.ParallelExecutionDemo1" name="tc_01" time="15.792"/>
</testsuite> <!-- ParallelScripts.ParallelExecutionDemo1 -->
