<?xml version="1.0" encoding="UTF-8"?>
<!-- Generated by org.testng.reporters.JUnitReportReporter -->
<testsuite hostname="DESKTOP-M2G5583" failures="0" tests="2" name="com.testyantrascripts.CompatabilityTesting" time="52.301" errors="0" timestamp="16 Jun 2020 12:03:02 GMT" skipped="0">
  <testcase classname="com.testyantrascripts.CompatabilityTesting" name="tc_01" time="18.796"/>
  <testcase classname="com.testyantrascripts.CompatabilityTesting" name="tc_01" time="33.505"/>
</testsuite> <!-- com.testyantrascripts.CompatabilityTesting -->
