<?xml version="1.0" encoding="UTF-8"?>
<!-- Generated by org.testng.reporters.JUnitReportReporter -->
<testsuite hostname="DESKTOP-M2G5583" failures="0" tests="2" name="ParallelScripts.ParallelExecutionDemo2" time="34.217" errors="0" timestamp="16 Jun 2020 11:33:56 GMT" skipped="0">
  <testcase classname="ParallelScripts.ParallelExecutionDemo2" name="tc_04" time="12.800"/>
  <testcase classname="ParallelScripts.ParallelExecutionDemo2" name="tc_03" time="21.417"/>
</testsuite> <!-- ParallelScripts.ParallelExecutionDemo2 -->
