<?xml version="1.0" encoding="UTF-8"?>
<!-- Generated by org.testng.reporters.JUnitReportReporter -->
<testsuite hostname="DESKTOP-M2G5583" failures="0" tests="1" name="com.testyantrascripts.ActiTime2" time="31.226" errors="0" timestamp="9 Jun 2020 15:03:45 GMT" skipped="0">
  <testcase classname="com.testyantrascripts.ActiTime2" name="tc_01" time="31.226"/>
</testsuite> <!-- com.testyantrascripts.ActiTime2 -->
